
ROM used: 2310 (7%)
          2310 (7%) including unused fragments

          3 Average locations per line
          33 Average locations per statement

RAM used: 500 (33%) at main() level
          510 (33%) worst case

Stack used: 5 worst case (out of 31 total available)

Lines Stmts  %   Files
----- ----- ---  -----
  348    71 100  nokia3310.c
   32     0   0  nokia3310.h
  328     0   0  C:\PROGRA~1\PICC\devices\18F452.h
----- -----
  708    71 Total

Page ROM  %  RAM   Vol Diff  Functions:
---- --- --- ---   --- ----  ----------
0     42   1   1             @delay_ms1
0   1858  40   1   516  3.8  main
0     26   1   0    67  1.2  reset
0     48   1   3   264  5.8  bytesender
0     12   0   1    42  1.1  writecommand
0     12   0   1    42  1.1  writedata
0    104   2   8   357  7.4  putchara
0     50   1   2   131  3.5  clearram
0     34   1   3   106  2.8  cursorxy
0    120   3   1   268  1.9  INIT

Program metrics:
    Functions               9
    Statements              71
    Comments                260
    Volume (V)              2825
    Difficilty (D)          28.5
    Effort to implement (E) 80486
    Time to implement (T)   1 hours, 15 minutes
    Est Delivered Bugs (B)  1
    Cyclomatic Complexity   5
    Maintainability (MI)    152

 Segment     Used  Free
-----------  ----  ----
00000-00002     4  0  
00004-07FFE  2306  30458  



